

Microchip MPLAB XC8 Assembler V2.31 build 20201012212115 
                                                                                               Sun Aug 08 16:12:19 2021

Microchip MPLAB XC8 C Compiler v2.31 (Free license) build 20201012212115 Og1 
     1                           	processor	16F887
     2                           	pagewidth 120
     3                           	opt	flic
     4                           	psect	cinit,global,class=CODE,merge=1,delta=2
     5                           	psect	bssCOMMON,global,class=COMMON,space=1,delta=1,noexec
     6                           	psect	cstackCOMMON,global,class=COMMON,space=1,delta=1,noexec
     7                           	psect	maintext,global,class=CODE,split=1,delta=2
     8                           	psect	text1,local,class=CODE,merge=1,delta=2
     9                           	psect	text2,local,class=CODE,merge=1,delta=2
    10                           	psect	text3,local,class=CODE,merge=1,delta=2
    11                           	psect	text4,local,class=CODE,merge=1,delta=2
    12                           	psect	intentry,global,class=CODE,delta=2
    13                           	psect	config,global,abs,ovrld,class=CONFIG,space=4,delta=2,noexec
    14                           	dabs	1,0x7E,2
    15  0000                     
    16                           ; Version 2.20
    17                           ; Generated 12/02/2020 GMT
    18                           ; 
    19                           ; Copyright © 2020, Microchip Technology Inc. and its subsidiaries ("Microchip")
    20                           ; All rights reserved.
    21                           ; 
    22                           ; This software is developed by Microchip Technology Inc. and its subsidiaries ("Microch
      +                          ip").
    23                           ; 
    24                           ; Redistribution and use in source and binary forms, with or without modification, are
    25                           ; permitted provided that the following conditions are met:
    26                           ; 
    27                           ;     1. Redistributions of source code must retain the above copyright notice, this lis
      +                          t of
    28                           ;        conditions and the following disclaimer.
    29                           ; 
    30                           ;     2. Redistributions in binary form must reproduce the above copyright notice, this 
      +                          list
    31                           ;        of conditions and the following disclaimer in the documentation and/or other
    32                           ;        materials provided with the distribution.
    33                           ; 
    34                           ;     3. Microchip's name may not be used to endorse or promote products derived from th
      +                          is
    35                           ;        software without specific prior written permission.
    36                           ; 
    37                           ; THIS SOFTWARE IS PROVIDED BY MICROCHIP "AS IS" AND ANY EXPRESS OR IMPLIED WARRANTIES,
    38                           ; INCLUDING, BUT NOT LIMITED TO, THE IMPLIED WARRANTIES OF MERCHANTABILITY AND FITNESS F
      +                          OR
    39                           ; PURPOSE ARE DISCLAIMED.  IN NO EVENT SHALL MICROCHIP BE LIABLE FOR ANY DIRECT, INDIREC
      +                          T,
    40                           ; INCIDENTAL, SPECIAL, EXEMPLARY, OR CONSEQUENTIAL DAMAGES (INCLUDING BUT NOT LIMITED TO
    41                           ; PROCUREMENT OF SUBSTITUTE GOODS OR SERVICES; LOSS OF USE, DATA OR PROFITS; OR BUSINESS
    42                           ; INTERRUPTION) HOWSOEVER CAUSED AND ON ANY THEORY OF LIABILITY, WHETHER IN CONTRACT, ST
      +                          RICT
    43                           ; LIABILITY, OR TORT (INCLUDING NEGLIGENCE OR OTHERWISE) ARISING IN ANY WAY OUT OF THE U
      +                          SE OF
    44                           ; THIS SOFTWARE, EVEN IF ADVISED OF THE POSSIBILITY OF SUCH DAMAGE.
    45                           ; 
    46                           ; 
    47                           ; Code-generator required, PIC16F887 Definitions
    48                           ; 
    49                           ; SFR Addresses
    50  0000                     	;# 
    51  0001                     	;# 
    52  0002                     	;# 
    53  0003                     	;# 
    54  0004                     	;# 
    55  0005                     	;# 
    56  0006                     	;# 
    57  0007                     	;# 
    58  0008                     	;# 
    59  0009                     	;# 
    60  000A                     	;# 
    61  000B                     	;# 
    62  000C                     	;# 
    63  000D                     	;# 
    64  000E                     	;# 
    65  000E                     	;# 
    66  000F                     	;# 
    67  0010                     	;# 
    68  0011                     	;# 
    69  0012                     	;# 
    70  0013                     	;# 
    71  0014                     	;# 
    72  0015                     	;# 
    73  0015                     	;# 
    74  0016                     	;# 
    75  0017                     	;# 
    76  0018                     	;# 
    77  0019                     	;# 
    78  001A                     	;# 
    79  001B                     	;# 
    80  001B                     	;# 
    81  001C                     	;# 
    82  001D                     	;# 
    83  001E                     	;# 
    84  001F                     	;# 
    85  0081                     	;# 
    86  0085                     	;# 
    87  0086                     	;# 
    88  0087                     	;# 
    89  0088                     	;# 
    90  0089                     	;# 
    91  008C                     	;# 
    92  008D                     	;# 
    93  008E                     	;# 
    94  008F                     	;# 
    95  0090                     	;# 
    96  0091                     	;# 
    97  0092                     	;# 
    98  0093                     	;# 
    99  0093                     	;# 
   100  0093                     	;# 
   101  0094                     	;# 
   102  0095                     	;# 
   103  0096                     	;# 
   104  0097                     	;# 
   105  0098                     	;# 
   106  0099                     	;# 
   107  009A                     	;# 
   108  009B                     	;# 
   109  009C                     	;# 
   110  009D                     	;# 
   111  009E                     	;# 
   112  009F                     	;# 
   113  0105                     	;# 
   114  0107                     	;# 
   115  0108                     	;# 
   116  0109                     	;# 
   117  010C                     	;# 
   118  010C                     	;# 
   119  010D                     	;# 
   120  010E                     	;# 
   121  010F                     	;# 
   122  0185                     	;# 
   123  0187                     	;# 
   124  0188                     	;# 
   125  0189                     	;# 
   126  018C                     	;# 
   127  018D                     	;# 
   128  0000                     	;# 
   129  0001                     	;# 
   130  0002                     	;# 
   131  0003                     	;# 
   132  0004                     	;# 
   133  0005                     	;# 
   134  0006                     	;# 
   135  0007                     	;# 
   136  0008                     	;# 
   137  0009                     	;# 
   138  000A                     	;# 
   139  000B                     	;# 
   140  000C                     	;# 
   141  000D                     	;# 
   142  000E                     	;# 
   143  000E                     	;# 
   144  000F                     	;# 
   145  0010                     	;# 
   146  0011                     	;# 
   147  0012                     	;# 
   148  0013                     	;# 
   149  0014                     	;# 
   150  0015                     	;# 
   151  0015                     	;# 
   152  0016                     	;# 
   153  0017                     	;# 
   154  0018                     	;# 
   155  0019                     	;# 
   156  001A                     	;# 
   157  001B                     	;# 
   158  001B                     	;# 
   159  001C                     	;# 
   160  001D                     	;# 
   161  001E                     	;# 
   162  001F                     	;# 
   163  0081                     	;# 
   164  0085                     	;# 
   165  0086                     	;# 
   166  0087                     	;# 
   167  0088                     	;# 
   168  0089                     	;# 
   169  008C                     	;# 
   170  008D                     	;# 
   171  008E                     	;# 
   172  008F                     	;# 
   173  0090                     	;# 
   174  0091                     	;# 
   175  0092                     	;# 
   176  0093                     	;# 
   177  0093                     	;# 
   178  0093                     	;# 
   179  0094                     	;# 
   180  0095                     	;# 
   181  0096                     	;# 
   182  0097                     	;# 
   183  0098                     	;# 
   184  0099                     	;# 
   185  009A                     	;# 
   186  009B                     	;# 
   187  009C                     	;# 
   188  009D                     	;# 
   189  009E                     	;# 
   190  009F                     	;# 
   191  0105                     	;# 
   192  0107                     	;# 
   193  0108                     	;# 
   194  0109                     	;# 
   195  010C                     	;# 
   196  010C                     	;# 
   197  010D                     	;# 
   198  010E                     	;# 
   199  010F                     	;# 
   200  0185                     	;# 
   201  0187                     	;# 
   202  0188                     	;# 
   203  0189                     	;# 
   204  018C                     	;# 
   205  018D                     	;# 
   206  0000                     	;# 
   207  0001                     	;# 
   208  0002                     	;# 
   209  0003                     	;# 
   210  0004                     	;# 
   211  0005                     	;# 
   212  0006                     	;# 
   213  0007                     	;# 
   214  0008                     	;# 
   215  0009                     	;# 
   216  000A                     	;# 
   217  000B                     	;# 
   218  000C                     	;# 
   219  000D                     	;# 
   220  000E                     	;# 
   221  000E                     	;# 
   222  000F                     	;# 
   223  0010                     	;# 
   224  0011                     	;# 
   225  0012                     	;# 
   226  0013                     	;# 
   227  0014                     	;# 
   228  0015                     	;# 
   229  0015                     	;# 
   230  0016                     	;# 
   231  0017                     	;# 
   232  0018                     	;# 
   233  0019                     	;# 
   234  001A                     	;# 
   235  001B                     	;# 
   236  001B                     	;# 
   237  001C                     	;# 
   238  001D                     	;# 
   239  001E                     	;# 
   240  001F                     	;# 
   241  0081                     	;# 
   242  0085                     	;# 
   243  0086                     	;# 
   244  0087                     	;# 
   245  0088                     	;# 
   246  0089                     	;# 
   247  008C                     	;# 
   248  008D                     	;# 
   249  008E                     	;# 
   250  008F                     	;# 
   251  0090                     	;# 
   252  0091                     	;# 
   253  0092                     	;# 
   254  0093                     	;# 
   255  0093                     	;# 
   256  0093                     	;# 
   257  0094                     	;# 
   258  0095                     	;# 
   259  0096                     	;# 
   260  0097                     	;# 
   261  0098                     	;# 
   262  0099                     	;# 
   263  009A                     	;# 
   264  009B                     	;# 
   265  009C                     	;# 
   266  009D                     	;# 
   267  009E                     	;# 
   268  009F                     	;# 
   269  0105                     	;# 
   270  0107                     	;# 
   271  0108                     	;# 
   272  0109                     	;# 
   273  010C                     	;# 
   274  010C                     	;# 
   275  010D                     	;# 
   276  010E                     	;# 
   277  010F                     	;# 
   278  0185                     	;# 
   279  0187                     	;# 
   280  0188                     	;# 
   281  0189                     	;# 
   282  018C                     	;# 
   283  018D                     	;# 
   284  0000                     	;# 
   285  0001                     	;# 
   286  0002                     	;# 
   287  0003                     	;# 
   288  0004                     	;# 
   289  0005                     	;# 
   290  0006                     	;# 
   291  0007                     	;# 
   292  0008                     	;# 
   293  0009                     	;# 
   294  000A                     	;# 
   295  000B                     	;# 
   296  000C                     	;# 
   297  000D                     	;# 
   298  000E                     	;# 
   299  000E                     	;# 
   300  000F                     	;# 
   301  0010                     	;# 
   302  0011                     	;# 
   303  0012                     	;# 
   304  0013                     	;# 
   305  0014                     	;# 
   306  0015                     	;# 
   307  0015                     	;# 
   308  0016                     	;# 
   309  0017                     	;# 
   310  0018                     	;# 
   311  0019                     	;# 
   312  001A                     	;# 
   313  001B                     	;# 
   314  001B                     	;# 
   315  001C                     	;# 
   316  001D                     	;# 
   317  001E                     	;# 
   318  001F                     	;# 
   319  0081                     	;# 
   320  0085                     	;# 
   321  0086                     	;# 
   322  0087                     	;# 
   323  0088                     	;# 
   324  0089                     	;# 
   325  008C                     	;# 
   326  008D                     	;# 
   327  008E                     	;# 
   328  008F                     	;# 
   329  0090                     	;# 
   330  0091                     	;# 
   331  0092                     	;# 
   332  0093                     	;# 
   333  0093                     	;# 
   334  0093                     	;# 
   335  0094                     	;# 
   336  0095                     	;# 
   337  0096                     	;# 
   338  0097                     	;# 
   339  0098                     	;# 
   340  0099                     	;# 
   341  009A                     	;# 
   342  009B                     	;# 
   343  009C                     	;# 
   344  009D                     	;# 
   345  009E                     	;# 
   346  009F                     	;# 
   347  0105                     	;# 
   348  0107                     	;# 
   349  0108                     	;# 
   350  0109                     	;# 
   351  010C                     	;# 
   352  010C                     	;# 
   353  010D                     	;# 
   354  010E                     	;# 
   355  010F                     	;# 
   356  0185                     	;# 
   357  0187                     	;# 
   358  0188                     	;# 
   359  0189                     	;# 
   360  018C                     	;# 
   361  018D                     	;# 
   362  0009                     _PORTE	set	9
   363  0006                     _PORTB	set	6
   364  001E                     _ADRESH	set	30
   365  0008                     _PORTD	set	8
   366  0014                     _SSPCONbits	set	20
   367  000C                     _PIR1bits	set	12
   368  0013                     _SSPBUF	set	19
   369  0014                     _SSPCON	set	20
   370  001F                     _ADCON0bits	set	31
   371  0063                     _SSPIF	set	99
   372  005E                     _PEIE	set	94
   373  005F                     _GIE	set	95
   374  009F                     _ADCON1bits	set	159
   375  008F                     _OSCCONbits	set	143
   376  0088                     _TRISD	set	136
   377  0086                     _TRISB	set	134
   378  0089                     _TRISE	set	137
   379  0094                     _SSPSTATbits	set	148
   380  0091                     _SSPCON2bits	set	145
   381  0094                     _SSPSTAT	set	148
   382  0093                     _SSPADD	set	147
   383  0091                     _SSPCON2	set	145
   384  04A0                     _BF	set	1184
   385  0463                     _SSPIE	set	1123
   386  043C                     _TRISC4	set	1084
   387  043B                     _TRISC3	set	1083
   388  0189                     _ANSELH	set	393
   389  0188                     _ANSEL	set	392
   390                           
   391                           	psect	cinit
   392  000F                     start_initialization:	
   393                           ; #config settings
   394                           
   395  000F                     __initialization:
   396                           
   397                           ; Clear objects allocated to COMMON
   398  000F  01F8               	clrf	__pbssCOMMON& (0+127)
   399  0010  01F9               	clrf	(__pbssCOMMON+1)& (0+127)
   400  0011  01FA               	clrf	(__pbssCOMMON+2)& (0+127)
   401  0012                     end_of_initialization:	
   402                           ;End of C runtime variable initialization code
   403                           
   404  0012                     __end_of__initialization:
   405  0012  0183               	clrf	3
   406  0013  120A  118A  2952   	ljmp	_main	;jump to C main() function
   407                           
   408                           	psect	bssCOMMON
   409  0078                     __pbssCOMMON:
   410  0078                     _recepcion:
   411  0078                     	ds	1
   412  0079                     _dato:
   413  0079                     	ds	1
   414  007A                     _z:
   415  007A                     	ds	1
   416                           
   417                           	psect	cstackCOMMON
   418  0070                     __pcstackCOMMON:
   419  0070                     ?_setup:
   420  0070                     ?_canal:	
   421                           ; 1 bytes @ 0x0
   422                           
   423  0070                     ?_I2C_Slave_Init:	
   424                           ; 1 bytes @ 0x0
   425                           
   426  0070                     ?_isr:	
   427                           ; 1 bytes @ 0x0
   428                           
   429  0070                     ??_isr:	
   430                           ; 1 bytes @ 0x0
   431                           
   432  0070                     ?_main:	
   433                           ; 1 bytes @ 0x0
   434                           
   435                           
   436                           ; 1 bytes @ 0x0
   437  0070                     	ds	3
   438  0073                     ??_canal:
   439  0073                     ??_I2C_Slave_Init:	
   440                           ; 1 bytes @ 0x3
   441                           
   442  0073                     I2C_Slave_Init@address:	
   443                           ; 1 bytes @ 0x3
   444                           
   445                           
   446                           ; 1 bytes @ 0x3
   447  0073                     	ds	2
   448  0075                     canal@c:
   449                           
   450                           ; 1 bytes @ 0x5
   451  0075                     	ds	1
   452  0076                     ??_setup:
   453                           
   454                           ; 1 bytes @ 0x6
   455  0076                     	ds	1
   456  0077                     ??_main:
   457                           
   458                           ; 1 bytes @ 0x7
   459  0077                     	ds	1
   460                           
   461                           	psect	maintext
   462  0152                     __pmaintext:	
   463 ;;
   464 ;;Main: autosize = 0, tempsize = 1, incstack = 0, save=0
   465 ;;
   466 ;; *************** function _main *****************
   467 ;; Defined at:
   468 ;;		line 69 in file "Slave_adc.c"
   469 ;; Parameters:    Size  Location     Type
   470 ;;		None
   471 ;; Auto vars:     Size  Location     Type
   472 ;;		None
   473 ;; Return value:  Size  Location     Type
   474 ;;                  1    wreg      void 
   475 ;; Registers used:
   476 ;;		wreg, fsr0l, fsr0h, status,2, status,0, pclath, cstack
   477 ;; Tracked objects:
   478 ;;		On entry : B00/0
   479 ;;		On exit  : 0/0
   480 ;;		Unchanged: 0/0
   481 ;; Data sizes:     COMMON   BANK0   BANK1   BANK3   BANK2
   482 ;;      Params:         0       0       0       0       0
   483 ;;      Locals:         0       0       0       0       0
   484 ;;      Temps:          1       0       0       0       0
   485 ;;      Totals:         1       0       0       0       0
   486 ;;Total ram usage:        1 bytes
   487 ;; Hardware stack levels required when called:    3
   488 ;; This function calls:
   489 ;;		_setup
   490 ;; This function is called by:
   491 ;;		Startup code after reset
   492 ;; This function uses a non-reentrant model
   493 ;;
   494                           
   495                           
   496                           ;psect for function _main
   497  0152                     _main:
   498  0152                     l885:	
   499                           ;incstack = 0
   500                           ; Regs used in _main: [wreg-fsr0h+status,2+status,0+pclath+cstack]
   501                           
   502                           
   503                           ;Slave_adc.c: 70:     setup();
   504  0152  120A  118A  211A  120A  118A  	fcall	_setup
   505  0157                     l887:
   506                           
   507                           ;Slave_adc.c: 74:         if (ADCON0bits.GO == 0){
   508  0157  1283               	bcf	3,5	;RP0=0, select bank0
   509  0158  1303               	bcf	3,6	;RP1=0, select bank0
   510  0159  189F               	btfsc	31,1	;volatile
   511  015A  295C               	goto	u141
   512  015B  295D               	goto	u140
   513  015C                     u141:
   514  015C  2957               	goto	l887
   515  015D                     u140:
   516  015D                     l889:
   517                           
   518                           ;Slave_adc.c: 75:             recepcion = ADRESH;
   519  015D  081E               	movf	30,w	;volatile
   520  015E  00F7               	movwf	??_main
   521  015F  0877               	movf	??_main,w
   522  0160  00F8               	movwf	_recepcion
   523                           
   524                           ;Slave_adc.c: 76:             _delay((unsigned long)((50)*(8000000/4000000.0)));
   525  0161  3021               	movlw	33
   526  0162  00F7               	movwf	??_main
   527  0163                     u157:
   528  0163  0BF7               	decfsz	??_main,f
   529  0164  2963               	goto	u157
   530  0165                     l891:
   531                           
   532                           ;Slave_adc.c: 78:             ADCON0bits.GO = 1;
   533  0165  1283               	bcf	3,5	;RP0=0, select bank0
   534  0166  1303               	bcf	3,6	;RP1=0, select bank0
   535  0167  149F               	bsf	31,1	;volatile
   536  0168  2957               	goto	l887
   537  0169  120A  118A  280C   	ljmp	start
   538  016C                     __end_of_main:
   539                           
   540                           	psect	text1
   541  011A                     __ptext1:	
   542 ;; *************** function _setup *****************
   543 ;; Defined at:
   544 ;;		line 88 in file "Slave_adc.c"
   545 ;; Parameters:    Size  Location     Type
   546 ;;		None
   547 ;; Auto vars:     Size  Location     Type
   548 ;;		None
   549 ;; Return value:  Size  Location     Type
   550 ;;                  1    wreg      void 
   551 ;; Registers used:
   552 ;;		wreg, fsr0l, fsr0h, status,2, status,0, pclath, cstack
   553 ;; Tracked objects:
   554 ;;		On entry : 0/0
   555 ;;		On exit  : 0/0
   556 ;;		Unchanged: 0/0
   557 ;; Data sizes:     COMMON   BANK0   BANK1   BANK3   BANK2
   558 ;;      Params:         0       0       0       0       0
   559 ;;      Locals:         0       0       0       0       0
   560 ;;      Temps:          1       0       0       0       0
   561 ;;      Totals:         1       0       0       0       0
   562 ;;Total ram usage:        1 bytes
   563 ;; Hardware stack levels used:    1
   564 ;; Hardware stack levels required when called:    2
   565 ;; This function calls:
   566 ;;		_I2C_Slave_Init
   567 ;;		_canal
   568 ;; This function is called by:
   569 ;;		_main
   570 ;; This function uses a non-reentrant model
   571 ;;
   572                           
   573                           
   574                           ;psect for function _setup
   575  011A                     _setup:
   576  011A                     l773:	
   577                           ;incstack = 0
   578                           ; Regs used in _setup: [wreg-fsr0h+status,2+status,0+pclath+cstack]
   579                           
   580                           
   581                           ;Slave_adc.c: 89:     ANSEL = 0b00100000;
   582  011A  3020               	movlw	32
   583  011B  1683               	bsf	3,5	;RP0=1, select bank3
   584  011C  1703               	bsf	3,6	;RP1=1, select bank3
   585  011D  0088               	movwf	8	;volatile
   586  011E                     l775:
   587                           
   588                           ;Slave_adc.c: 90:     ANSELH = 0;
   589  011E  0189               	clrf	9	;volatile
   590  011F                     l777:
   591                           
   592                           ;Slave_adc.c: 92:     TRISE = 0xff;
   593  011F  30FF               	movlw	255
   594  0120  1683               	bsf	3,5	;RP0=1, select bank1
   595  0121  1303               	bcf	3,6	;RP1=0, select bank1
   596  0122  0089               	movwf	9	;volatile
   597                           
   598                           ;Slave_adc.c: 93:     TRISB = 0x00;
   599  0123  0186               	clrf	6	;volatile
   600                           
   601                           ;Slave_adc.c: 94:     TRISD = 0x00;
   602  0124  0188               	clrf	8	;volatile
   603                           
   604                           ;Slave_adc.c: 96:     PORTB = 0x00;
   605  0125  1283               	bcf	3,5	;RP0=0, select bank0
   606  0126  1303               	bcf	3,6	;RP1=0, select bank0
   607  0127  0186               	clrf	6	;volatile
   608                           
   609                           ;Slave_adc.c: 97:     PORTD = 0x00;
   610  0128  0188               	clrf	8	;volatile
   611                           
   612                           ;Slave_adc.c: 98:     PORTE = 0x00;
   613  0129  0189               	clrf	9	;volatile
   614  012A                     l779:
   615                           
   616                           ;Slave_adc.c: 101:     OSCCONbits.IRCF2 =1;
   617  012A  1683               	bsf	3,5	;RP0=1, select bank1
   618  012B  1303               	bcf	3,6	;RP1=0, select bank1
   619  012C  170F               	bsf	15,6	;volatile
   620  012D                     l781:
   621                           
   622                           ;Slave_adc.c: 102:     OSCCONbits.IRCF1 =1;
   623  012D  168F               	bsf	15,5	;volatile
   624  012E                     l783:
   625                           
   626                           ;Slave_adc.c: 103:     OSCCONbits.IRCF0 =1;
   627  012E  160F               	bsf	15,4	;volatile
   628  012F                     l785:
   629                           
   630                           ;Slave_adc.c: 104:     OSCCONbits.SCS =1;
   631  012F  140F               	bsf	15,0	;volatile
   632  0130                     l787:
   633                           
   634                           ;Slave_adc.c: 107:     canal(5);
   635  0130  3005               	movlw	5
   636  0131  120A  118A  2016  120A  118A  	fcall	_canal
   637  0136                     l789:
   638                           
   639                           ;Slave_adc.c: 109:     ADCON1bits.VCFG0 = 0;
   640  0136  1683               	bsf	3,5	;RP0=1, select bank1
   641  0137  1303               	bcf	3,6	;RP1=0, select bank1
   642  0138  121F               	bcf	31,4	;volatile
   643  0139                     l791:
   644                           
   645                           ;Slave_adc.c: 110:     ADCON1bits.VCFG1 = 0;
   646  0139  129F               	bcf	31,5	;volatile
   647  013A                     l793:
   648                           
   649                           ;Slave_adc.c: 112:     ADCON0bits.ADCS0 = 0;
   650  013A  1283               	bcf	3,5	;RP0=0, select bank0
   651  013B  1303               	bcf	3,6	;RP1=0, select bank0
   652  013C  131F               	bcf	31,6	;volatile
   653  013D                     l795:
   654                           
   655                           ;Slave_adc.c: 113:     ADCON0bits.ADCS1 = 1;
   656  013D  179F               	bsf	31,7	;volatile
   657  013E                     l797:
   658                           
   659                           ;Slave_adc.c: 120:     ADCON1bits.ADFM =0;
   660  013E  1683               	bsf	3,5	;RP0=1, select bank1
   661  013F  1303               	bcf	3,6	;RP1=0, select bank1
   662  0140  139F               	bcf	31,7	;volatile
   663  0141                     l799:
   664                           
   665                           ;Slave_adc.c: 122:     ADCON0bits.ADON = 1;
   666  0141  1283               	bcf	3,5	;RP0=0, select bank0
   667  0142  1303               	bcf	3,6	;RP1=0, select bank0
   668  0143  141F               	bsf	31,0	;volatile
   669  0144                     l801:
   670                           
   671                           ;Slave_adc.c: 123:     _delay((unsigned long)((50)*(8000000/4000000.0)));
   672  0144  3021               	movlw	33
   673  0145  00F6               	movwf	??_setup
   674  0146                     u167:
   675  0146  0BF6               	decfsz	??_setup,f
   676  0147  2946               	goto	u167
   677  0148                     l803:
   678                           
   679                           ;Slave_adc.c: 124:     ADCON0bits.GO_nDONE = 1;
   680  0148  1283               	bcf	3,5	;RP0=0, select bank0
   681  0149  1303               	bcf	3,6	;RP1=0, select bank0
   682  014A  149F               	bsf	31,1	;volatile
   683  014B                     l805:
   684                           
   685                           ;Slave_adc.c: 126:     I2C_Slave_Init(0x50);
   686  014B  3050               	movlw	80
   687  014C  120A  118A  216C  120A  118A  	fcall	_I2C_Slave_Init
   688  0151                     l153:
   689  0151  0008               	return
   690  0152                     __end_of_setup:
   691                           
   692                           	psect	text2
   693  0016                     __ptext2:	
   694 ;; *************** function _canal *****************
   695 ;; Defined at:
   696 ;;		line 11 in file "ADC.c"
   697 ;; Parameters:    Size  Location     Type
   698 ;;  c               1    wreg     unsigned char 
   699 ;; Auto vars:     Size  Location     Type
   700 ;;  c               1    5[COMMON] unsigned char 
   701 ;; Return value:  Size  Location     Type
   702 ;;                  1    wreg      void 
   703 ;; Registers used:
   704 ;;		wreg, fsr0l, fsr0h, status,2, status,0
   705 ;; Tracked objects:
   706 ;;		On entry : 0/0
   707 ;;		On exit  : 0/0
   708 ;;		Unchanged: 0/0
   709 ;; Data sizes:     COMMON   BANK0   BANK1   BANK3   BANK2
   710 ;;      Params:         0       0       0       0       0
   711 ;;      Locals:         1       0       0       0       0
   712 ;;      Temps:          2       0       0       0       0
   713 ;;      Totals:         3       0       0       0       0
   714 ;;Total ram usage:        3 bytes
   715 ;; Hardware stack levels used:    1
   716 ;; Hardware stack levels required when called:    1
   717 ;; This function calls:
   718 ;;		Nothing
   719 ;; This function is called by:
   720 ;;		_setup
   721 ;; This function uses a non-reentrant model
   722 ;;
   723                           
   724                           
   725                           ;psect for function _canal
   726  0016                     _canal:
   727                           
   728                           ;incstack = 0
   729                           ; Regs used in _canal: [wreg-fsr0h+status,2+status,0]
   730                           ;canal@c stored from wreg
   731  0016  00F5               	movwf	canal@c
   732  0017                     l745:
   733                           
   734                           ;ADC.c: 12:     switch(c){
   735  0017  2881               	goto	l749
   736  0018                     l6:	
   737                           ;ADC.c: 13:         case 0:
   738                           
   739                           
   740                           ;ADC.c: 14:             ADCON0bits.CHS3 = 0;
   741  0018  1283               	bcf	3,5	;RP0=0, select bank0
   742  0019  1303               	bcf	3,6	;RP1=0, select bank0
   743  001A  129F               	bcf	31,5	;volatile
   744                           
   745                           ;ADC.c: 15:             ADCON0bits.CHS2 = 0;
   746  001B  121F               	bcf	31,4	;volatile
   747                           
   748                           ;ADC.c: 16:             ADCON0bits.CHS1 = 0;
   749  001C  119F               	bcf	31,3	;volatile
   750                           
   751                           ;ADC.c: 17:             ADCON0bits.CHS0 = 0;
   752  001D  111F               	bcf	31,2	;volatile
   753                           
   754                           ;ADC.c: 18:             break;
   755  001E  28B5               	goto	l22
   756  001F                     l8:	
   757                           ;ADC.c: 20:         case 1:
   758                           
   759                           
   760                           ;ADC.c: 21:             ADCON0bits.CHS3 = 0;
   761  001F  1283               	bcf	3,5	;RP0=0, select bank0
   762  0020  1303               	bcf	3,6	;RP1=0, select bank0
   763  0021  129F               	bcf	31,5	;volatile
   764                           
   765                           ;ADC.c: 22:             ADCON0bits.CHS2 = 0;
   766  0022  121F               	bcf	31,4	;volatile
   767                           
   768                           ;ADC.c: 23:             ADCON0bits.CHS1 = 0;
   769  0023  119F               	bcf	31,3	;volatile
   770                           
   771                           ;ADC.c: 24:             ADCON0bits.CHS0 = 1;
   772  0024  151F               	bsf	31,2	;volatile
   773                           
   774                           ;ADC.c: 25:             break;
   775  0025  28B5               	goto	l22
   776  0026                     l9:	
   777                           ;ADC.c: 27:         case 2:
   778                           
   779                           
   780                           ;ADC.c: 28:             ADCON0bits.CHS3 = 0;
   781  0026  1283               	bcf	3,5	;RP0=0, select bank0
   782  0027  1303               	bcf	3,6	;RP1=0, select bank0
   783  0028  129F               	bcf	31,5	;volatile
   784                           
   785                           ;ADC.c: 29:             ADCON0bits.CHS2 = 0;
   786  0029  121F               	bcf	31,4	;volatile
   787                           
   788                           ;ADC.c: 30:             ADCON0bits.CHS1 = 1;
   789  002A  159F               	bsf	31,3	;volatile
   790                           
   791                           ;ADC.c: 31:             ADCON0bits.CHS0 = 0;
   792  002B  111F               	bcf	31,2	;volatile
   793                           
   794                           ;ADC.c: 32:             break;
   795  002C  28B5               	goto	l22
   796  002D                     l10:	
   797                           ;ADC.c: 34:         case 3:
   798                           
   799                           
   800                           ;ADC.c: 35:             ADCON0bits.CHS3 = 0;
   801  002D  1283               	bcf	3,5	;RP0=0, select bank0
   802  002E  1303               	bcf	3,6	;RP1=0, select bank0
   803  002F  129F               	bcf	31,5	;volatile
   804                           
   805                           ;ADC.c: 36:             ADCON0bits.CHS2 = 0;
   806  0030  121F               	bcf	31,4	;volatile
   807                           
   808                           ;ADC.c: 37:             ADCON0bits.CHS1 = 1;
   809  0031  159F               	bsf	31,3	;volatile
   810                           
   811                           ;ADC.c: 38:             ADCON0bits.CHS0 = 1;
   812  0032  151F               	bsf	31,2	;volatile
   813                           
   814                           ;ADC.c: 39:             break;
   815  0033  28B5               	goto	l22
   816  0034                     l11:	
   817                           ;ADC.c: 41:         case 4:
   818                           
   819                           
   820                           ;ADC.c: 42:             ADCON0bits.CHS3 = 0;
   821  0034  1283               	bcf	3,5	;RP0=0, select bank0
   822  0035  1303               	bcf	3,6	;RP1=0, select bank0
   823  0036  129F               	bcf	31,5	;volatile
   824                           
   825                           ;ADC.c: 43:             ADCON0bits.CHS2 = 1;
   826  0037  161F               	bsf	31,4	;volatile
   827                           
   828                           ;ADC.c: 44:             ADCON0bits.CHS1 = 0;
   829  0038  119F               	bcf	31,3	;volatile
   830                           
   831                           ;ADC.c: 45:             ADCON0bits.CHS0 = 0;
   832  0039  111F               	bcf	31,2	;volatile
   833                           
   834                           ;ADC.c: 46:             break;
   835  003A  28B5               	goto	l22
   836  003B                     l12:	
   837                           ;ADC.c: 48:         case 5:
   838                           
   839                           
   840                           ;ADC.c: 49:             ADCON0bits.CHS3 = 0;
   841  003B  1283               	bcf	3,5	;RP0=0, select bank0
   842  003C  1303               	bcf	3,6	;RP1=0, select bank0
   843  003D  129F               	bcf	31,5	;volatile
   844                           
   845                           ;ADC.c: 50:             ADCON0bits.CHS2 = 1;
   846  003E  161F               	bsf	31,4	;volatile
   847                           
   848                           ;ADC.c: 51:             ADCON0bits.CHS1 = 0;
   849  003F  119F               	bcf	31,3	;volatile
   850                           
   851                           ;ADC.c: 52:             ADCON0bits.CHS0 = 1;
   852  0040  151F               	bsf	31,2	;volatile
   853                           
   854                           ;ADC.c: 53:             break;
   855  0041  28B5               	goto	l22
   856  0042                     l13:	
   857                           ;ADC.c: 55:         case 6:
   858                           
   859                           
   860                           ;ADC.c: 56:             ADCON0bits.CHS3 = 0;
   861  0042  1283               	bcf	3,5	;RP0=0, select bank0
   862  0043  1303               	bcf	3,6	;RP1=0, select bank0
   863  0044  129F               	bcf	31,5	;volatile
   864                           
   865                           ;ADC.c: 57:             ADCON0bits.CHS2 = 1;
   866  0045  161F               	bsf	31,4	;volatile
   867                           
   868                           ;ADC.c: 58:             ADCON0bits.CHS1 = 1;
   869  0046  159F               	bsf	31,3	;volatile
   870                           
   871                           ;ADC.c: 59:             ADCON0bits.CHS0 = 0;
   872  0047  111F               	bcf	31,2	;volatile
   873                           
   874                           ;ADC.c: 60:             break;
   875  0048  28B5               	goto	l22
   876  0049                     l14:	
   877                           ;ADC.c: 62:         case 7:
   878                           
   879                           
   880                           ;ADC.c: 63:             ADCON0bits.CHS3 = 0;
   881  0049  1283               	bcf	3,5	;RP0=0, select bank0
   882  004A  1303               	bcf	3,6	;RP1=0, select bank0
   883  004B  129F               	bcf	31,5	;volatile
   884                           
   885                           ;ADC.c: 64:             ADCON0bits.CHS2 = 1;
   886  004C  161F               	bsf	31,4	;volatile
   887                           
   888                           ;ADC.c: 65:             ADCON0bits.CHS1 = 1;
   889  004D  159F               	bsf	31,3	;volatile
   890                           
   891                           ;ADC.c: 66:             ADCON0bits.CHS0 = 1;
   892  004E  151F               	bsf	31,2	;volatile
   893                           
   894                           ;ADC.c: 67:             break;
   895  004F  28B5               	goto	l22
   896  0050                     l15:	
   897                           ;ADC.c: 69:         case 8:
   898                           
   899                           
   900                           ;ADC.c: 70:             ADCON0bits.CHS3 = 1;
   901  0050  1283               	bcf	3,5	;RP0=0, select bank0
   902  0051  1303               	bcf	3,6	;RP1=0, select bank0
   903  0052  169F               	bsf	31,5	;volatile
   904                           
   905                           ;ADC.c: 71:             ADCON0bits.CHS2 = 0;
   906  0053  121F               	bcf	31,4	;volatile
   907                           
   908                           ;ADC.c: 72:             ADCON0bits.CHS1 = 0;
   909  0054  119F               	bcf	31,3	;volatile
   910                           
   911                           ;ADC.c: 73:             ADCON0bits.CHS0 = 0;
   912  0055  111F               	bcf	31,2	;volatile
   913                           
   914                           ;ADC.c: 74:             break;
   915  0056  28B5               	goto	l22
   916  0057                     l16:	
   917                           ;ADC.c: 76:         case 9:
   918                           
   919                           
   920                           ;ADC.c: 77:             ADCON0bits.CHS3 = 1;
   921  0057  1283               	bcf	3,5	;RP0=0, select bank0
   922  0058  1303               	bcf	3,6	;RP1=0, select bank0
   923  0059  169F               	bsf	31,5	;volatile
   924                           
   925                           ;ADC.c: 78:             ADCON0bits.CHS2 = 0;
   926  005A  121F               	bcf	31,4	;volatile
   927                           
   928                           ;ADC.c: 79:             ADCON0bits.CHS1 = 0;
   929  005B  119F               	bcf	31,3	;volatile
   930                           
   931                           ;ADC.c: 80:             ADCON0bits.CHS0 = 1;
   932  005C  151F               	bsf	31,2	;volatile
   933                           
   934                           ;ADC.c: 81:             break;
   935  005D  28B5               	goto	l22
   936  005E                     l17:	
   937                           ;ADC.c: 83:         case 10:
   938                           
   939                           
   940                           ;ADC.c: 84:             ADCON0bits.CHS3 = 1;
   941  005E  1283               	bcf	3,5	;RP0=0, select bank0
   942  005F  1303               	bcf	3,6	;RP1=0, select bank0
   943  0060  169F               	bsf	31,5	;volatile
   944                           
   945                           ;ADC.c: 85:             ADCON0bits.CHS2 = 0;
   946  0061  121F               	bcf	31,4	;volatile
   947                           
   948                           ;ADC.c: 86:             ADCON0bits.CHS1 = 1;
   949  0062  159F               	bsf	31,3	;volatile
   950                           
   951                           ;ADC.c: 87:             ADCON0bits.CHS0 = 0;
   952  0063  111F               	bcf	31,2	;volatile
   953                           
   954                           ;ADC.c: 88:             break;
   955  0064  28B5               	goto	l22
   956  0065                     l18:	
   957                           ;ADC.c: 90:         case 11:
   958                           
   959                           
   960                           ;ADC.c: 91:             ADCON0bits.CHS3 = 1;
   961  0065  1283               	bcf	3,5	;RP0=0, select bank0
   962  0066  1303               	bcf	3,6	;RP1=0, select bank0
   963  0067  169F               	bsf	31,5	;volatile
   964                           
   965                           ;ADC.c: 92:             ADCON0bits.CHS2 = 0;
   966  0068  121F               	bcf	31,4	;volatile
   967                           
   968                           ;ADC.c: 93:             ADCON0bits.CHS1 = 1;
   969  0069  159F               	bsf	31,3	;volatile
   970                           
   971                           ;ADC.c: 94:             ADCON0bits.CHS0 = 1;
   972  006A  151F               	bsf	31,2	;volatile
   973                           
   974                           ;ADC.c: 95:             break;
   975  006B  28B5               	goto	l22
   976  006C                     l19:	
   977                           ;ADC.c: 97:         case 12:
   978                           
   979                           
   980                           ;ADC.c: 98:             ADCON0bits.CHS3 = 1;
   981  006C  1283               	bcf	3,5	;RP0=0, select bank0
   982  006D  1303               	bcf	3,6	;RP1=0, select bank0
   983  006E  169F               	bsf	31,5	;volatile
   984                           
   985                           ;ADC.c: 99:             ADCON0bits.CHS2 = 1;
   986  006F  161F               	bsf	31,4	;volatile
   987                           
   988                           ;ADC.c: 100:             ADCON0bits.CHS1 = 0;
   989  0070  119F               	bcf	31,3	;volatile
   990                           
   991                           ;ADC.c: 101:             ADCON0bits.CHS0 = 0;
   992  0071  111F               	bcf	31,2	;volatile
   993                           
   994                           ;ADC.c: 102:             break;
   995  0072  28B5               	goto	l22
   996  0073                     l20:	
   997                           ;ADC.c: 104:         case 13:
   998                           
   999                           
  1000                           ;ADC.c: 105:             ADCON0bits.CHS3 = 1;
  1001  0073  1283               	bcf	3,5	;RP0=0, select bank0
  1002  0074  1303               	bcf	3,6	;RP1=0, select bank0
  1003  0075  169F               	bsf	31,5	;volatile
  1004                           
  1005                           ;ADC.c: 106:             ADCON0bits.CHS2 = 1;
  1006  0076  161F               	bsf	31,4	;volatile
  1007                           
  1008                           ;ADC.c: 107:             ADCON0bits.CHS1 = 0;
  1009  0077  119F               	bcf	31,3	;volatile
  1010                           
  1011                           ;ADC.c: 108:             ADCON0bits.CHS0 = 1;
  1012  0078  151F               	bsf	31,2	;volatile
  1013                           
  1014                           ;ADC.c: 109:             break;
  1015  0079  28B5               	goto	l22
  1016  007A                     l21:	
  1017                           ;ADC.c: 111:         default:
  1018                           
  1019                           
  1020                           ;ADC.c: 112:             ADCON0bits.CHS3 = 0;
  1021  007A  1283               	bcf	3,5	;RP0=0, select bank0
  1022  007B  1303               	bcf	3,6	;RP1=0, select bank0
  1023  007C  129F               	bcf	31,5	;volatile
  1024                           
  1025                           ;ADC.c: 113:             ADCON0bits.CHS2 = 0;
  1026  007D  121F               	bcf	31,4	;volatile
  1027                           
  1028                           ;ADC.c: 114:             ADCON0bits.CHS1 = 0;
  1029  007E  119F               	bcf	31,3	;volatile
  1030                           
  1031                           ;ADC.c: 115:             ADCON0bits.CHS0 = 0;
  1032  007F  111F               	bcf	31,2	;volatile
  1033                           
  1034                           ;ADC.c: 116:             break;
  1035  0080  28B5               	goto	l22
  1036  0081                     l749:
  1037  0081  0875               	movf	canal@c,w
  1038  0082  00F3               	movwf	??_canal
  1039  0083  01F4               	clrf	??_canal+1
  1040                           
  1041                           ; Switch on 2 bytes has been partitioned into a top level switch of size 1, and 1 sub-sw
      +                          itches
  1042                           ; Switch size 1, requested type "simple"
  1043                           ; Number of cases is 1, Range of values is 0 to 0
  1044                           ; switch strategies available:
  1045                           ; Name         Instructions Cycles
  1046                           ; simple_byte            4     3 (average)
  1047                           ; direct_byte           11     8 (fixed)
  1048                           ; jumptable            260     6 (fixed)
  1049                           ;	Chosen strategy is simple_byte
  1050  0084  0874               	movf	??_canal+1,w
  1051  0085  3A00               	xorlw	0	; case 0
  1052  0086  1903               	skipnz
  1053  0087  2889               	goto	l913
  1054  0088  287A               	goto	l21
  1055  0089                     l913:
  1056                           
  1057                           ; Switch size 1, requested type "simple"
  1058                           ; Number of cases is 14, Range of values is 0 to 13
  1059                           ; switch strategies available:
  1060                           ; Name         Instructions Cycles
  1061                           ; simple_byte           43    22 (average)
  1062                           ; direct_byte           50     8 (fixed)
  1063                           ; jumptable            260     6 (fixed)
  1064                           ;	Chosen strategy is simple_byte
  1065  0089  0873               	movf	??_canal,w
  1066  008A  3A00               	xorlw	0	; case 0
  1067  008B  1903               	skipnz
  1068  008C  2818               	goto	l6
  1069  008D  3A01               	xorlw	1	; case 1
  1070  008E  1903               	skipnz
  1071  008F  281F               	goto	l8
  1072  0090  3A03               	xorlw	3	; case 2
  1073  0091  1903               	skipnz
  1074  0092  2826               	goto	l9
  1075  0093  3A01               	xorlw	1	; case 3
  1076  0094  1903               	skipnz
  1077  0095  282D               	goto	l10
  1078  0096  3A07               	xorlw	7	; case 4
  1079  0097  1903               	skipnz
  1080  0098  2834               	goto	l11
  1081  0099  3A01               	xorlw	1	; case 5
  1082  009A  1903               	skipnz
  1083  009B  283B               	goto	l12
  1084  009C  3A03               	xorlw	3	; case 6
  1085  009D  1903               	skipnz
  1086  009E  2842               	goto	l13
  1087  009F  3A01               	xorlw	1	; case 7
  1088  00A0  1903               	skipnz
  1089  00A1  2849               	goto	l14
  1090  00A2  3A0F               	xorlw	15	; case 8
  1091  00A3  1903               	skipnz
  1092  00A4  2850               	goto	l15
  1093  00A5  3A01               	xorlw	1	; case 9
  1094  00A6  1903               	skipnz
  1095  00A7  2857               	goto	l16
  1096  00A8  3A03               	xorlw	3	; case 10
  1097  00A9  1903               	skipnz
  1098  00AA  285E               	goto	l17
  1099  00AB  3A01               	xorlw	1	; case 11
  1100  00AC  1903               	skipnz
  1101  00AD  2865               	goto	l18
  1102  00AE  3A07               	xorlw	7	; case 12
  1103  00AF  1903               	skipnz
  1104  00B0  286C               	goto	l19
  1105  00B1  3A01               	xorlw	1	; case 13
  1106  00B2  1903               	skipnz
  1107  00B3  2873               	goto	l20
  1108  00B4  287A               	goto	l21
  1109  00B5                     l22:
  1110  00B5  0008               	return
  1111  00B6                     __end_of_canal:
  1112                           
  1113                           	psect	text3
  1114  016C                     __ptext3:	
  1115 ;; *************** function _I2C_Slave_Init *****************
  1116 ;; Defined at:
  1117 ;;		line 90 in file "I2C.c"
  1118 ;; Parameters:    Size  Location     Type
  1119 ;;  address         1    wreg     unsigned char 
  1120 ;; Auto vars:     Size  Location     Type
  1121 ;;  address         1    3[COMMON] unsigned char 
  1122 ;; Return value:  Size  Location     Type
  1123 ;;                  1    wreg      void 
  1124 ;; Registers used:
  1125 ;;		wreg
  1126 ;; Tracked objects:
  1127 ;;		On entry : 0/0
  1128 ;;		On exit  : 0/0
  1129 ;;		Unchanged: 0/0
  1130 ;; Data sizes:     COMMON   BANK0   BANK1   BANK3   BANK2
  1131 ;;      Params:         0       0       0       0       0
  1132 ;;      Locals:         1       0       0       0       0
  1133 ;;      Temps:          0       0       0       0       0
  1134 ;;      Totals:         1       0       0       0       0
  1135 ;;Total ram usage:        1 bytes
  1136 ;; Hardware stack levels used:    1
  1137 ;; Hardware stack levels required when called:    1
  1138 ;; This function calls:
  1139 ;;		Nothing
  1140 ;; This function is called by:
  1141 ;;		_setup
  1142 ;; This function uses a non-reentrant model
  1143 ;;
  1144                           
  1145                           
  1146                           ;psect for function _I2C_Slave_Init
  1147  016C                     _I2C_Slave_Init:
  1148                           
  1149                           ;incstack = 0
  1150                           ; Regs used in _I2C_Slave_Init: [wreg]
  1151                           ;I2C_Slave_Init@address stored from wreg
  1152  016C  00F3               	movwf	I2C_Slave_Init@address
  1153  016D                     l755:
  1154                           
  1155                           ;I2C.c: 90: void I2C_Slave_Init(uint8_t address);I2C.c: 91: {;I2C.c: 92:     SSPADD = ad
      +                          dress;
  1156  016D  0873               	movf	I2C_Slave_Init@address,w
  1157  016E  1683               	bsf	3,5	;RP0=1, select bank1
  1158  016F  1303               	bcf	3,6	;RP1=0, select bank1
  1159  0170  0093               	movwf	19	;volatile
  1160                           
  1161                           ;I2C.c: 93:     SSPCON = 0x36;
  1162  0171  3036               	movlw	54
  1163  0172  1283               	bcf	3,5	;RP0=0, select bank0
  1164  0173  1303               	bcf	3,6	;RP1=0, select bank0
  1165  0174  0094               	movwf	20	;volatile
  1166                           
  1167                           ;I2C.c: 94:     SSPSTAT = 0x80;
  1168  0175  3080               	movlw	128
  1169  0176  1683               	bsf	3,5	;RP0=1, select bank1
  1170  0177  1303               	bcf	3,6	;RP1=0, select bank1
  1171  0178  0094               	movwf	20	;volatile
  1172                           
  1173                           ;I2C.c: 95:     SSPCON2 = 0x01;
  1174  0179  3001               	movlw	1
  1175  017A  0091               	movwf	17	;volatile
  1176  017B                     l757:
  1177                           
  1178                           ;I2C.c: 96:     TRISC3 = 1;
  1179  017B  1587               	bsf	7,3	;volatile
  1180  017C                     l759:
  1181                           
  1182                           ;I2C.c: 97:     TRISC4 = 1;
  1183  017C  1607               	bsf	7,4	;volatile
  1184  017D                     l761:
  1185                           
  1186                           ;I2C.c: 98:     GIE = 1;
  1187  017D  178B               	bsf	11,7	;volatile
  1188  017E                     l763:
  1189                           
  1190                           ;I2C.c: 99:     PEIE = 1;
  1191  017E  170B               	bsf	11,6	;volatile
  1192  017F                     l765:
  1193                           
  1194                           ;I2C.c: 100:     SSPIF = 0;
  1195  017F  1283               	bcf	3,5	;RP0=0, select bank0
  1196  0180  1303               	bcf	3,6	;RP1=0, select bank0
  1197  0181  118C               	bcf	12,3	;volatile
  1198  0182                     l767:
  1199                           
  1200                           ;I2C.c: 101:     SSPIE = 1;
  1201  0182  1683               	bsf	3,5	;RP0=1, select bank1
  1202  0183  1303               	bcf	3,6	;RP1=0, select bank1
  1203  0184  158C               	bsf	12,3	;volatile
  1204  0185                     l75:
  1205  0185  0008               	return
  1206  0186                     __end_of_I2C_Slave_Init:
  1207                           
  1208                           	psect	text4
  1209  00B6                     __ptext4:	
  1210 ;; *************** function _isr *****************
  1211 ;; Defined at:
  1212 ;;		line 34 in file "Slave_adc.c"
  1213 ;; Parameters:    Size  Location     Type
  1214 ;;		None
  1215 ;; Auto vars:     Size  Location     Type
  1216 ;;		None
  1217 ;; Return value:  Size  Location     Type
  1218 ;;                  1    wreg      void 
  1219 ;; Registers used:
  1220 ;;		wreg
  1221 ;; Tracked objects:
  1222 ;;		On entry : 0/0
  1223 ;;		On exit  : 0/0
  1224 ;;		Unchanged: 0/0
  1225 ;; Data sizes:     COMMON   BANK0   BANK1   BANK3   BANK2
  1226 ;;      Params:         0       0       0       0       0
  1227 ;;      Locals:         0       0       0       0       0
  1228 ;;      Temps:          3       0       0       0       0
  1229 ;;      Totals:         3       0       0       0       0
  1230 ;;Total ram usage:        3 bytes
  1231 ;; Hardware stack levels used:    1
  1232 ;; This function calls:
  1233 ;;		Nothing
  1234 ;; This function is called by:
  1235 ;;		Interrupt level 1
  1236 ;; This function uses a non-reentrant model
  1237 ;;
  1238                           
  1239                           
  1240                           ;psect for function _isr
  1241  00B6                     _isr:
  1242  00B6                     i1l847:
  1243                           
  1244                           ;Slave_adc.c: 35:    if(PIR1bits.SSPIF == 1){
  1245  00B6  1283               	bcf	3,5	;RP0=0, select bank0
  1246  00B7  1303               	bcf	3,6	;RP1=0, select bank0
  1247  00B8  1D8C               	btfss	12,3	;volatile
  1248  00B9  28BB               	goto	u5_21
  1249  00BA  28BC               	goto	u5_20
  1250  00BB                     u5_21:
  1251  00BB  2913               	goto	i1l141
  1252  00BC                     u5_20:
  1253  00BC                     i1l849:
  1254                           
  1255                           ;Slave_adc.c: 37:         SSPCONbits.CKP = 0;
  1256  00BC  1214               	bcf	20,4	;volatile
  1257                           
  1258                           ;Slave_adc.c: 39:         if ((SSPCONbits.SSPOV) || (SSPCONbits.WCOL)){
  1259  00BD  1B14               	btfsc	20,6	;volatile
  1260  00BE  28C0               	goto	u6_21
  1261  00BF  28C1               	goto	u6_20
  1262  00C0                     u6_21:
  1263  00C0  28C5               	goto	i1l853
  1264  00C1                     u6_20:
  1265  00C1                     i1l851:
  1266  00C1  1F94               	btfss	20,7	;volatile
  1267  00C2  28C4               	goto	u7_21
  1268  00C3  28C5               	goto	u7_20
  1269  00C4                     u7_21:
  1270  00C4  28CC               	goto	i1l861
  1271  00C5                     u7_20:
  1272  00C5                     i1l853:
  1273                           
  1274                           ;Slave_adc.c: 40:             z = SSPBUF;
  1275  00C5  0813               	movf	19,w	;volatile
  1276  00C6  00F0               	movwf	??_isr
  1277  00C7  0870               	movf	??_isr,w
  1278  00C8  00FA               	movwf	_z
  1279  00C9                     i1l855:
  1280                           
  1281                           ;Slave_adc.c: 41:             SSPCONbits.SSPOV = 0;
  1282  00C9  1314               	bcf	20,6	;volatile
  1283  00CA                     i1l857:
  1284                           
  1285                           ;Slave_adc.c: 42:             SSPCONbits.WCOL = 0;
  1286  00CA  1394               	bcf	20,7	;volatile
  1287  00CB                     i1l859:
  1288                           
  1289                           ;Slave_adc.c: 43:             SSPCONbits.CKP = 1;
  1290  00CB  1614               	bsf	20,4	;volatile
  1291  00CC                     i1l861:
  1292                           
  1293                           ;Slave_adc.c: 46:         if(!SSPSTATbits.D_nA && !SSPSTATbits.R_nW) {
  1294  00CC  1683               	bsf	3,5	;RP0=1, select bank1
  1295  00CD  1303               	bcf	3,6	;RP1=0, select bank1
  1296  00CE  1A94               	btfsc	20,5	;volatile
  1297  00CF  28D1               	goto	u8_21
  1298  00D0  28D2               	goto	u8_20
  1299  00D1                     u8_21:
  1300  00D1  28EF               	goto	i1l132
  1301  00D2                     u8_20:
  1302  00D2                     i1l863:
  1303  00D2  1914               	btfsc	20,2	;volatile
  1304  00D3  28D5               	goto	u9_21
  1305  00D4  28D6               	goto	u9_20
  1306  00D5                     u9_21:
  1307  00D5  28EF               	goto	i1l132
  1308  00D6                     u9_20:
  1309  00D6                     i1l865:
  1310                           
  1311                           ;Slave_adc.c: 48:             z = SSPBUF;
  1312  00D6  1283               	bcf	3,5	;RP0=0, select bank0
  1313  00D7  1303               	bcf	3,6	;RP1=0, select bank0
  1314  00D8  0813               	movf	19,w	;volatile
  1315  00D9  00F0               	movwf	??_isr
  1316  00DA  0870               	movf	??_isr,w
  1317  00DB  00FA               	movwf	_z
  1318  00DC                     i1l867:
  1319                           
  1320                           ;Slave_adc.c: 50:             PIR1bits.SSPIF = 0;
  1321  00DC  118C               	bcf	12,3	;volatile
  1322  00DD                     i1l869:
  1323                           
  1324                           ;Slave_adc.c: 51:             SSPCONbits.CKP = 1;
  1325  00DD  1614               	bsf	20,4	;volatile
  1326                           
  1327                           ;Slave_adc.c: 52:             while(!SSPSTATbits.BF){
  1328  00DE  28E3               	goto	i1l873
  1329  00DF                     i1l871:
  1330                           
  1331                           ;Slave_adc.c: 53:             PORTD = SSPBUF; }
  1332  00DF  1283               	bcf	3,5	;RP0=0, select bank0
  1333  00E0  1303               	bcf	3,6	;RP1=0, select bank0
  1334  00E1  0813               	movf	19,w	;volatile
  1335  00E2  0088               	movwf	8	;volatile
  1336  00E3                     i1l873:
  1337                           
  1338                           ;Slave_adc.c: 52:             while(!SSPSTATbits.BF){
  1339  00E3  1683               	bsf	3,5	;RP0=1, select bank1
  1340  00E4  1303               	bcf	3,6	;RP1=0, select bank1
  1341  00E5  1C14               	btfss	20,0	;volatile
  1342  00E6  28E8               	goto	u10_21
  1343  00E7  28E9               	goto	u10_20
  1344  00E8                     u10_21:
  1345  00E8  28DF               	goto	i1l871
  1346  00E9                     u10_20:
  1347  00E9                     i1l875:
  1348                           
  1349                           ;Slave_adc.c: 54:             _delay((unsigned long)((250)*(8000000/4000000.0)));
  1350  00E9  30A6               	movlw	166
  1351  00EA  00F0               	movwf	??_isr
  1352  00EB                     u17_27:
  1353  00EB  0BF0               	decfsz	??_isr,f
  1354  00EC  28EB               	goto	u17_27
  1355  00ED  0000               	nop
  1356                           
  1357                           ;Slave_adc.c: 56:         }else if(!SSPSTATbits.D_nA && SSPSTATbits.R_nW){
  1358  00EE  2910               	goto	i1l136
  1359  00EF                     i1l132:
  1360  00EF  1A94               	btfsc	20,5	;volatile
  1361  00F0  28F2               	goto	u11_21
  1362  00F1  28F3               	goto	u11_20
  1363  00F2                     u11_21:
  1364  00F2  2910               	goto	i1l136
  1365  00F3                     u11_20:
  1366  00F3                     i1l877:
  1367  00F3  1D14               	btfss	20,2	;volatile
  1368  00F4  28F6               	goto	u12_21
  1369  00F5  28F7               	goto	u12_20
  1370  00F6                     u12_21:
  1371  00F6  2910               	goto	i1l136
  1372  00F7                     u12_20:
  1373  00F7                     i1l879:
  1374                           
  1375                           ;Slave_adc.c: 57:             z = SSPBUF;
  1376  00F7  1283               	bcf	3,5	;RP0=0, select bank0
  1377  00F8  1303               	bcf	3,6	;RP1=0, select bank0
  1378  00F9  0813               	movf	19,w	;volatile
  1379  00FA  00F0               	movwf	??_isr
  1380  00FB  0870               	movf	??_isr,w
  1381  00FC  00FA               	movwf	_z
  1382  00FD                     i1l881:
  1383                           
  1384                           ;Slave_adc.c: 58:             BF = 0;
  1385  00FD  1683               	bsf	3,5	;RP0=1, select bank1
  1386  00FE  1303               	bcf	3,6	;RP1=0, select bank1
  1387  00FF  1014               	bcf	20,0	;volatile
  1388                           
  1389                           ;Slave_adc.c: 59:             SSPBUF = recepcion;
  1390  0100  0878               	movf	_recepcion,w
  1391  0101  1283               	bcf	3,5	;RP0=0, select bank0
  1392  0102  1303               	bcf	3,6	;RP1=0, select bank0
  1393  0103  0093               	movwf	19	;volatile
  1394  0104                     i1l883:
  1395                           
  1396                           ;Slave_adc.c: 60:             SSPCONbits.CKP = 1;
  1397  0104  1614               	bsf	20,4	;volatile
  1398                           
  1399                           ;Slave_adc.c: 61:             _delay((unsigned long)((250)*(8000000/4000000.0)));
  1400  0105  30A6               	movlw	166
  1401  0106  00F0               	movwf	??_isr
  1402  0107                     u18_27:
  1403  0107  0BF0               	decfsz	??_isr,f
  1404  0108  2907               	goto	u18_27
  1405  0109  0000               	nop
  1406  010A                     i1l138:	
  1407                           ;Slave_adc.c: 62:             while(SSPSTATbits.BF);
  1408                           
  1409  010A  1683               	bsf	3,5	;RP0=1, select bank1
  1410  010B  1303               	bcf	3,6	;RP1=0, select bank1
  1411  010C  1814               	btfsc	20,0	;volatile
  1412  010D  290F               	goto	u13_21
  1413  010E  2910               	goto	u13_20
  1414  010F                     u13_21:
  1415  010F  290A               	goto	i1l138
  1416  0110                     u13_20:
  1417  0110                     i1l136:
  1418                           
  1419                           ;Slave_adc.c: 65:         PIR1bits.SSPIF = 0;
  1420  0110  1283               	bcf	3,5	;RP0=0, select bank0
  1421  0111  1303               	bcf	3,6	;RP1=0, select bank0
  1422  0112  118C               	bcf	12,3	;volatile
  1423  0113                     i1l141:
  1424  0113  0872               	movf	??_isr+2,w
  1425  0114  008A               	movwf	10
  1426  0115  0E71               	swapf	??_isr+1,w
  1427  0116  0083               	movwf	3
  1428  0117  0EFE               	swapf	btemp,f
  1429  0118  0E7E               	swapf	btemp,w
  1430  0119  0009               	retfie
  1431  011A                     __end_of_isr:
  1432  007E                     btemp	set	126	;btemp
  1433  007E                     wtemp0	set	126
  1434                           
  1435                           	psect	intentry
  1436  0004                     __pintentry:	
  1437                           ;incstack = 0
  1438                           ; Regs used in _isr: [wreg]
  1439                           
  1440  0004                     interrupt_function:
  1441  007E                     saved_w	set	btemp
  1442  0004  00FE               	movwf	btemp
  1443  0005  0E03               	swapf	3,w
  1444  0006  00F1               	movwf	??_isr+1
  1445  0007  080A               	movf	10,w
  1446  0008  00F2               	movwf	??_isr+2
  1447  0009  120A  118A  28B6   	ljmp	_isr
  1448                           
  1449                           	psect	config
  1450                           
  1451                           ;Config register CONFIG1 @ 0x2007
  1452                           ;	Oscillator Selection bits
  1453                           ;	FOSC = INTRC_NOCLKOUT, INTOSCIO oscillator: I/O function on RA6/OSC2/CLKOUT pin, I/O f
      +                          unction on RA7/OSC1/CLKIN
  1454                           ;	Watchdog Timer Enable bit
  1455                           ;	WDTE = OFF, WDT disabled and can be enabled by SWDTEN bit of the WDTCON register
  1456                           ;	Power-up Timer Enable bit
  1457                           ;	PWRTE = OFF, PWRT disabled
  1458                           ;	RE3/MCLR pin function select bit
  1459                           ;	MCLRE = OFF, RE3/MCLR pin function is digital input, MCLR internally tied to VDD
  1460                           ;	Code Protection bit
  1461                           ;	CP = OFF, Program memory code protection is disabled
  1462                           ;	Data Code Protection bit
  1463                           ;	CPD = OFF, Data memory code protection is disabled
  1464                           ;	Brown Out Reset Selection bits
  1465                           ;	BOREN = OFF, BOR disabled
  1466                           ;	Internal External Switchover bit
  1467                           ;	IESO = OFF, Internal/External Switchover mode is disabled
  1468                           ;	Fail-Safe Clock Monitor Enabled bit
  1469                           ;	FCMEN = OFF, Fail-Safe Clock Monitor is disabled
  1470                           ;	Low Voltage Programming Enable bit
  1471                           ;	LVP = OFF, RB3 pin has digital I/O, HV on MCLR must be used for programming
  1472                           ;	In-Circuit Debugger Mode bit
  1473                           ;	DEBUG = 0x1, unprogrammed default
  1474  2007                     	org	8199
  1475  2007  20D4               	dw	8404
  1476                           
  1477                           ;Config register CONFIG2 @ 0x2008
  1478                           ;	Brown-out Reset Selection bit
  1479                           ;	BOR4V = BOR40V, Brown-out Reset set to 4.0V
  1480                           ;	Flash Program Memory Self Write Enable bits
  1481                           ;	WRT = OFF, Write protection off
  1482  2008                     	org	8200
  1483  2008  3FFF               	dw	16383

Data Sizes:
    Strings     0
    Constant    0
    Data        0
    BSS         3
    Persistent  0
    Stack       0

Auto Spaces:
    Space          Size  Autos    Used
    COMMON           14      8      11
    BANK0            80      0       0
    BANK1            80      0       0
    BANK3            96      0       0
    BANK2            96      0       0

Pointer List with Targets:

    None.

Critical Paths under _main in COMMON

    _main->_setup
    _setup->_canal

Critical Paths under _isr in COMMON

    None.

Critical Paths under _main in BANK0

    None.

Critical Paths under _isr in BANK0

    None.

Critical Paths under _main in BANK1

    None.

Critical Paths under _isr in BANK1

    None.

Critical Paths under _main in BANK3

    None.

Critical Paths under _isr in BANK3

    None.

Critical Paths under _main in BANK2

    None.

Critical Paths under _isr in BANK2

    None.

Call Graph Tables:

 ---------------------------------------------------------------------------------
 (Depth) Function   	        Calls       Base Space   Used Autos Params    Refs
 ---------------------------------------------------------------------------------
 (0) _main                                                 1     1      0      30
                                              7 COMMON     1     1      0
                              _setup
 ---------------------------------------------------------------------------------
 (1) _setup                                                1     1      0      30
                                              6 COMMON     1     1      0
                     _I2C_Slave_Init
                              _canal
 ---------------------------------------------------------------------------------
 (2) _canal                                                3     3      0      15
                                              3 COMMON     3     3      0
 ---------------------------------------------------------------------------------
 (2) _I2C_Slave_Init                                       1     1      0      15
                                              3 COMMON     1     1      0
 ---------------------------------------------------------------------------------
 Estimated maximum stack depth 2
 ---------------------------------------------------------------------------------
 (Depth) Function   	        Calls       Base Space   Used Autos Params    Refs
 ---------------------------------------------------------------------------------
 (3) _isr                                                  3     3      0       0
                                              0 COMMON     3     3      0
 ---------------------------------------------------------------------------------
 Estimated maximum stack depth 3
 ---------------------------------------------------------------------------------

 Call Graph Graphs:

 _main (ROOT)
   _setup
     _I2C_Slave_Init
     _canal

 _isr (ROOT)

 Address spaces:
Name               Size   Autos  Total    Cost      Usage
BITCOMMON            E      0       0       0        0.0%
EEDATA             100      0       0       0        0.0%
NULL                 0      0       0       0        0.0%
CODE                 0      0       0       0        0.0%
COMMON               E      8       B       1       78.6%
BITSFR0              0      0       0       1        0.0%
SFR0                 0      0       0       1        0.0%
BITSFR1              0      0       0       2        0.0%
SFR1                 0      0       0       2        0.0%
STACK                0      0       0       2        0.0%
ABS                  0      0       B       3        0.0%
BITBANK0            50      0       0       4        0.0%
BITSFR3              0      0       0       4        0.0%
SFR3                 0      0       0       4        0.0%
BANK0               50      0       0       5        0.0%
BITSFR2              0      0       0       5        0.0%
SFR2                 0      0       0       5        0.0%
BITBANK1            50      0       0       6        0.0%
BANK1               50      0       0       7        0.0%
BITBANK3            60      0       0       8        0.0%
BANK3               60      0       0       9        0.0%
BITBANK2            60      0       0      10        0.0%
BANK2               60      0       0      11        0.0%
DATA                 0      0       B      12        0.0%


Microchip Technology PIC Macro Assembler V2.31 build 20201012212115 
Symbol Table                                                                                   Sun Aug 08 16:12:19 2021

                      l6 0018                        l8 001F                        l9 0026  
                      _z 007A              _SSPSTATbits 0094                       l10 002D  
                     l11 0034                       l20 0073                       l12 003B  
                     l21 007A                       l13 0042                       l14 0049  
                     l22 00B5                       _BF 04A0                       l15 0050  
                     l16 0057                       l17 005E                       l18 0065  
                     l19 006C                       l75 0185                      l153 0151  
                    l801 0144                      l803 0148                      l805 014B  
                    l761 017D                      l913 0089                      l745 0017  
                    l763 017E                      l755 016D                      l765 017F  
                    l757 017B                      l749 0081                      l781 012D  
                    l773 011A                      l767 0182                      l759 017C  
                    l791 0139                      l783 012E                      l775 011E  
                    l793 013A                      l785 012F                      l777 011F  
                    l795 013D                      l787 0130                      l779 012A  
                    l891 0165                      l797 013E                      l789 0136  
                    l885 0152                      l799 0141                      l887 0157  
                    l889 015D                      _GIE 005F                      u140 015D  
                    u141 015C                      u157 0163                      u167 0146  
                    _isr 00B6                     ?_isr 0070                     _PEIE 005E  
                   u5_20 00BC                     u5_21 00BB                     u6_20 00C1  
                   u6_21 00C0                     u7_20 00C5                     u7_21 00C4  
                   u8_20 00D2                     u8_21 00D1                     u9_20 00D6  
                   u9_21 00D5                     _dato 0079                     _main 0152  
                   btemp 007E                     start 000C                    ??_isr 0070  
                  ?_main 0070                    _ANSEL 0188                    i1l132 00EF  
                  i1l141 0113                    i1l136 0110                    i1l138 010A  
                  i1l851 00C1                    i1l861 00CC                    i1l853 00C5  
                  i1l871 00DF                    i1l863 00D2                    i1l855 00C9  
                  i1l847 00B6                    i1l881 00FD                    i1l873 00E3  
                  i1l865 00D6                    i1l857 00CA                    i1l849 00BC  
                  i1l883 0104                    i1l875 00E9                    i1l867 00DC  
                  i1l859 00CB                    i1l877 00F3                    i1l869 00DD  
                  i1l879 00F7                    u10_20 00E9                    u10_21 00E8  
                  u11_20 00F3                    u11_21 00F2                    u12_20 00F7  
                  u12_21 00F6                    u13_20 0110                    u13_21 010F  
                  u17_27 00EB                    u18_27 0107                    _PORTB 0006  
                  _PORTD 0008                    _PORTE 0009                    _TRISB 0086  
                  _TRISD 0088                    _SSPIE 0463                    _TRISE 0089  
                  _SSPIF 0063                    _canal 0016                    _setup 011A  
                  pclath 000A                    status 0003                    wtemp0 007E  
        __initialization 000F             __end_of_main 016C                   ??_main 0077  
                 ?_canal 0070                   _ADRESH 001E                   ?_setup 0070  
                 _ANSELH 0189                   _SSPADD 0093                   _TRISC3 043B  
                 _TRISC4 043C                   _SSPCON 0014                   _SSPBUF 0013  
                 canal@c 0075                   saved_w 007E  __end_of__initialization 0012  
         __pcstackCOMMON 0070  __size_of_I2C_Slave_Init 001A            __end_of_canal 00B6  
          __end_of_setup 0152                  ??_canal 0073                  ??_setup 0076  
  I2C_Slave_Init@address 0073               __pmaintext 0152               __pintentry 0004  
                _SSPCON2 0091                  _SSPSTAT 0094                  __ptext1 011A  
                __ptext2 0016                  __ptext3 016C                  __ptext4 00B6  
           __size_of_isr 0064     end_of_initialization 0012           _I2C_Slave_Init 016C  
 __end_of_I2C_Slave_Init 0186      start_initialization 000F              __end_of_isr 011A  
        ?_I2C_Slave_Init 0070              __pbssCOMMON 0078                ___latbits 0002  
         __size_of_canal 00A0           __size_of_setup 0038                _recepcion 0078  
      interrupt_function 0004                 _PIR1bits 000C               _ADCON0bits 001F  
             _ADCON1bits 009F         ??_I2C_Slave_Init 0073            __size_of_main 001A  
               intlevel1 0000               _OSCCONbits 008F              _SSPCON2bits 0091  
             _SSPCONbits 0014  
